{"timestamp":"2025-06-10T09:00:23.112515","level":"INFO","logger":"gattonero","message":"Development Logger initialized","module":"development_logger","function":"__init__","line":212,"request_id":null,"operation_id":null,"algorithm_id":null,"user_session":null,"performance_data":null}
{"timestamp":"2025-06-10T09:01:02.565642","level":"INFO","logger":"gattonero","message":"Development Logger initialized","module":"development_logger","function":"__init__","line":212,"request_id":null,"operation_id":null,"algorithm_id":null,"user_session":null,"performance_data":null}
{"timestamp":"2025-06-10T09:01:02.580048","level":"INFO","logger":"gattonero","message":"Performance Profiler initialized","module":"development_logger","function":"info","line":295,"request_id":null,"operation_id":null,"algorithm_id":null,"user_session":null,"performance_data":null}
{"timestamp":"2025-06-10T09:01:02.581190","level":"INFO","logger":"gattonero","message":"Simple Health Monitor initialized","module":"development_logger","function":"info","line":295,"request_id":null,"operation_id":null,"algorithm_id":null,"user_session":null,"performance_data":null}
{"timestamp":"2025-06-10T09:01:02.597687","level":"INFO","logger":"gattonero","message":"Initializing Enhanced Flask Server","module":"development_logger","function":"info","line":295,"request_id":null,"operation_id":null,"algorithm_id":null,"user_session":null,"performance_data":null}
{"timestamp":"2025-06-10T09:01:02.608105","level":"INFO","logger":"gattonero","message":"All health checks passed","module":"development_logger","function":"success","line":312,"request_id":null,"operation_id":null,"algorithm_id":null,"user_session":null,"performance_data":null}
{"timestamp":"2025-06-10T09:01:02.608812","level":"INFO","logger":"gattonero","message":"Enhanced Flask Server initialized successfully","module":"development_logger","function":"info","line":295,"request_id":null,"operation_id":null,"algorithm_id":null,"user_session":null,"performance_data":null}
{"timestamp":"2025-06-10T09:01:02.609520","level":"INFO","logger":"gattonero","message":"Starting Enhanced Flask Server in development mode","module":"development_logger","function":"info","line":295,"request_id":null,"operation_id":null,"algorithm_id":null,"user_session":null,"performance_data":null}
{"timestamp":"2025-06-10T09:01:04.641133","level":"INFO","logger":"gattonero","message":"Development Logger initialized","module":"development_logger","function":"__init__","line":212,"request_id":null,"operation_id":null,"algorithm_id":null,"user_session":null,"performance_data":null}
{"timestamp":"2025-06-10T09:01:04.644058","level":"INFO","logger":"gattonero","message":"Performance Profiler initialized","module":"development_logger","function":"info","line":295,"request_id":null,"operation_id":null,"algorithm_id":null,"user_session":null,"performance_data":null}
{"timestamp":"2025-06-10T09:01:04.644731","level":"INFO","logger":"gattonero","message":"Simple Health Monitor initialized","module":"development_logger","function":"info","line":295,"request_id":null,"operation_id":null,"algorithm_id":null,"user_session":null,"performance_data":null}
{"timestamp":"2025-06-10T09:01:04.655212","level":"INFO","logger":"gattonero","message":"Initializing Enhanced Flask Server","module":"development_logger","function":"info","line":295,"request_id":null,"operation_id":null,"algorithm_id":null,"user_session":null,"performance_data":null}
{"timestamp":"2025-06-10T09:01:04.664855","level":"INFO","logger":"gattonero","message":"All health checks passed","module":"development_logger","function":"success","line":312,"request_id":null,"operation_id":null,"algorithm_id":null,"user_session":null,"performance_data":null}
{"timestamp":"2025-06-10T09:01:04.665373","level":"INFO","logger":"gattonero","message":"Enhanced Flask Server initialized successfully","module":"development_logger","function":"info","line":295,"request_id":null,"operation_id":null,"algorithm_id":null,"user_session":null,"performance_data":null}
{"timestamp":"2025-06-10T09:01:04.665900","level":"INFO","logger":"gattonero","message":"Starting Enhanced Flask Server in development mode","module":"development_logger","function":"info","line":295,"request_id":null,"operation_id":null,"algorithm_id":null,"user_session":null,"performance_data":null}
{"timestamp":"2025-06-10T09:08:40.826711","level":"DEBUG","logger":"gattonero","message":"Request started: GET /","module":"development_logger","function":"debug","line":291,"request_id":"e1bb90e6","operation_id":null,"algorithm_id":null,"user_session":null,"performance_data":null}
{"timestamp":"2025-06-10T09:08:40.826993","level":"DEBUG","logger":"gattonero","message":"Request completed: 200","module":"development_logger","function":"debug","line":291,"request_id":"e1bb90e6","operation_id":null,"algorithm_id":null,"user_session":null,"performance_data":null}
{"timestamp":"2025-06-10T09:08:40.963923","level":"DEBUG","logger":"gattonero","message":"Request started: GET /favicon.ico","module":"development_logger","function":"debug","line":291,"request_id":"2a5e77ff","operation_id":null,"algorithm_id":null,"user_session":null,"performance_data":null}
{"timestamp":"2025-06-10T09:08:40.964468","level":"DEBUG","logger":"gattonero","message":"Request completed: 404","module":"development_logger","function":"debug","line":291,"request_id":"2a5e77ff","operation_id":null,"algorithm_id":null,"user_session":null,"performance_data":null}
{"timestamp":"2025-06-10T09:08:55.441205","level":"DEBUG","logger":"gattonero","message":"Request started: GET /webview/","module":"development_logger","function":"debug","line":291,"request_id":"906a0eec","operation_id":null,"algorithm_id":null,"user_session":null,"performance_data":null}
{"timestamp":"2025-06-10T09:10:43.475049","level":"DEBUG","logger":"gattonero","message":"Request started: GET /webview/algorithm/01","module":"development_logger","function":"debug","line":291,"request_id":"2938d356","operation_id":null,"algorithm_id":null,"user_session":null,"performance_data":null}
{"timestamp":"2025-06-10T09:10:43.475311","level":"DEBUG","logger":"gattonero","message":"Request completed: 404","module":"development_logger","function":"debug","line":291,"request_id":"2938d356","operation_id":null,"algorithm_id":null,"user_session":null,"performance_data":null}
{"timestamp":"2025-06-10T09:12:03.465647","level":"DEBUG","logger":"gattonero","message":"Request started: GET /webview","module":"development_logger","function":"debug","line":291,"request_id":"3dff6a7f","operation_id":null,"algorithm_id":null,"user_session":null,"performance_data":null}
{"timestamp":"2025-06-10T09:12:03.465945","level":"DEBUG","logger":"gattonero","message":"Request completed: 308","module":"development_logger","function":"debug","line":291,"request_id":"3dff6a7f","operation_id":null,"algorithm_id":null,"user_session":null,"performance_data":null}
{"timestamp":"2025-06-10T09:12:03.512580","level":"DEBUG","logger":"gattonero","message":"Request started: GET /webview/","module":"development_logger","function":"debug","line":291,"request_id":"6526226c","operation_id":null,"algorithm_id":null,"user_session":null,"performance_data":null}
{"timestamp":"2025-06-10T09:14:16.183986","level":"INFO","logger":"gattonero","message":"Shutting down Enhanced Flask Server","module":"development_logger","function":"info","line":295,"request_id":null,"operation_id":null,"algorithm_id":null,"user_session":null,"performance_data":null}
{"timestamp":"2025-06-10T09:14:16.187621","level":"INFO","logger":"gattonero","message":"Performance report generated: reports\\performance\\final_session_report.html","module":"development_logger","function":"success","line":312,"request_id":null,"operation_id":null,"algorithm_id":null,"user_session":null,"performance_data":null}
{"timestamp":"2025-06-10T09:14:16.188493","level":"INFO","logger":"gattonero","message":"Final performance report generated: reports\\performance\\final_session_report.html","module":"development_logger","function":"success","line":312,"request_id":null,"operation_id":null,"algorithm_id":null,"user_session":null,"performance_data":null}
{"timestamp":"2025-06-10T09:14:16.189443","level":"INFO","logger":"gattonero","message":"Enhanced Flask Server shutdown complete","module":"development_logger","function":"info","line":295,"request_id":null,"operation_id":null,"algorithm_id":null,"user_session":null,"performance_data":null}
{"timestamp":"2025-06-10T09:14:18.642627","level":"INFO","logger":"gattonero","message":"Development Logger initialized","module":"development_logger","function":"__init__","line":212,"request_id":null,"operation_id":null,"algorithm_id":null,"user_session":null,"performance_data":null}
{"timestamp":"2025-06-10T09:14:18.645708","level":"INFO","logger":"gattonero","message":"Performance Profiler initialized","module":"development_logger","function":"info","line":295,"request_id":null,"operation_id":null,"algorithm_id":null,"user_session":null,"performance_data":null}
{"timestamp":"2025-06-10T09:14:18.646306","level":"INFO","logger":"gattonero","message":"Simple Health Monitor initialized","module":"development_logger","function":"info","line":295,"request_id":null,"operation_id":null,"algorithm_id":null,"user_session":null,"performance_data":null}
{"timestamp":"2025-06-10T09:14:18.662942","level":"INFO","logger":"gattonero","message":"Initializing Enhanced Flask Server","module":"development_logger","function":"info","line":295,"request_id":null,"operation_id":null,"algorithm_id":null,"user_session":null,"performance_data":null}
{"timestamp":"2025-06-10T09:14:18.676458","level":"INFO","logger":"gattonero","message":"All health checks passed","module":"development_logger","function":"success","line":314,"request_id":null,"operation_id":null,"algorithm_id":null,"user_session":null,"performance_data":null}
{"timestamp":"2025-06-10T09:14:18.677051","level":"INFO","logger":"gattonero","message":"Enhanced Flask Server initialized successfully","module":"development_logger","function":"info","line":295,"request_id":null,"operation_id":null,"algorithm_id":null,"user_session":null,"performance_data":null}
{"timestamp":"2025-06-10T09:14:18.677579","level":"INFO","logger":"gattonero","message":"Starting Enhanced Flask Server in development mode","module":"development_logger","function":"info","line":295,"request_id":null,"operation_id":null,"algorithm_id":null,"user_session":null,"performance_data":null}
{"timestamp":"2025-06-10T09:15:30.039766","level":"INFO","logger":"gattonero","message":"Shutting down Enhanced Flask Server","module":"development_logger","function":"info","line":295,"request_id":null,"operation_id":null,"algorithm_id":null,"user_session":null,"performance_data":null}
{"timestamp":"2025-06-10T09:15:30.042844","level":"INFO","logger":"gattonero","message":"Performance report generated: reports\\performance\\final_session_report.html","module":"development_logger","function":"success","line":314,"request_id":null,"operation_id":null,"algorithm_id":null,"user_session":null,"performance_data":null}
{"timestamp":"2025-06-10T09:15:30.043492","level":"INFO","logger":"gattonero","message":"Final performance report generated: reports\\performance\\final_session_report.html","module":"development_logger","function":"success","line":314,"request_id":null,"operation_id":null,"algorithm_id":null,"user_session":null,"performance_data":null}
{"timestamp":"2025-06-10T09:15:30.043974","level":"INFO","logger":"gattonero","message":"Enhanced Flask Server shutdown complete","module":"development_logger","function":"info","line":295,"request_id":null,"operation_id":null,"algorithm_id":null,"user_session":null,"performance_data":null}
{"timestamp":"2025-06-10T09:15:30.245006","level":"INFO","logger":"gattonero","message":"Shutting down Enhanced Flask Server","module":"development_logger","function":"info","line":295,"request_id":null,"operation_id":null,"algorithm_id":null,"user_session":null,"performance_data":null}
{"timestamp":"2025-06-10T09:15:30.247447","level":"INFO","logger":"gattonero","message":"Performance report generated: reports\\performance\\final_session_report.html","module":"development_logger","function":"success","line":312,"request_id":null,"operation_id":null,"algorithm_id":null,"user_session":null,"performance_data":null}
{"timestamp":"2025-06-10T09:15:30.248062","level":"INFO","logger":"gattonero","message":"Final performance report generated: reports\\performance\\final_session_report.html","module":"development_logger","function":"success","line":312,"request_id":null,"operation_id":null,"algorithm_id":null,"user_session":null,"performance_data":null}
{"timestamp":"2025-06-10T09:15:30.248580","level":"INFO","logger":"gattonero","message":"Enhanced Flask Server shutdown complete","module":"development_logger","function":"info","line":295,"request_id":null,"operation_id":null,"algorithm_id":null,"user_session":null,"performance_data":null}
