{"timestamp":"2025-06-08T18:18:36.908043","level":"INFO","logger":"gattonero_server","message":"Development Logger initialized","module":"development_logger","function":"__init__","line":211,"request_id":null,"operation_id":null,"algorithm_id":null,"user_session":null,"performance_data":null}
{"timestamp":"2025-06-08T18:18:36.909058","level":"INFO","logger":"gattonero_server","message":"Performance Profiler initialized","module":"development_logger","function":"info","line":294,"request_id":null,"operation_id":null,"algorithm_id":null,"user_session":null,"performance_data":null}
{"timestamp":"2025-06-08T18:18:36.909575","level":"INFO","logger":"gattonero_server","message":"Simple Health Monitor initialized","module":"development_logger","function":"info","line":294,"request_id":null,"operation_id":null,"algorithm_id":null,"user_session":null,"performance_data":null}
{"timestamp":"2025-06-08T18:18:36.913537","level":"INFO","logger":"gattonero_server","message":"Initializing Enhanced Flask Server","module":"development_logger","function":"info","line":294,"request_id":null,"operation_id":null,"algorithm_id":null,"user_session":null,"performance_data":null}
{"timestamp":"2025-06-08T18:18:36.926078","level":"INFO","logger":"gattonero_server","message":"All health checks passed","module":"development_logger","function":"success","line":311,"request_id":null,"operation_id":null,"algorithm_id":null,"user_session":null,"performance_data":null}
{"timestamp":"2025-06-08T18:18:36.926584","level":"INFO","logger":"gattonero_server","message":"Enhanced Flask Server initialized successfully","module":"development_logger","function":"info","line":294,"request_id":null,"operation_id":null,"algorithm_id":null,"user_session":null,"performance_data":null}
{"timestamp":"2025-06-08T18:19:08.340808","level":"INFO","logger":"gattonero_server","message":"Development Logger initialized","module":"development_logger","function":"__init__","line":211,"request_id":null,"operation_id":null,"algorithm_id":null,"user_session":null,"performance_data":null}
{"timestamp":"2025-06-08T18:19:08.341511","level":"INFO","logger":"gattonero_server","message":"Performance Profiler initialized","module":"development_logger","function":"info","line":294,"request_id":null,"operation_id":null,"algorithm_id":null,"user_session":null,"performance_data":null}
{"timestamp":"2025-06-08T18:19:08.341846","level":"INFO","logger":"gattonero_server","message":"Simple Health Monitor initialized","module":"development_logger","function":"info","line":294,"request_id":null,"operation_id":null,"algorithm_id":null,"user_session":null,"performance_data":null}
{"timestamp":"2025-06-08T18:19:08.346080","level":"INFO","logger":"gattonero_server","message":"Initializing Enhanced Flask Server","module":"development_logger","function":"info","line":294,"request_id":null,"operation_id":null,"algorithm_id":null,"user_session":null,"performance_data":null}
{"timestamp":"2025-06-08T18:19:08.356755","level":"INFO","logger":"gattonero_server","message":"All health checks passed","module":"development_logger","function":"success","line":311,"request_id":null,"operation_id":null,"algorithm_id":null,"user_session":null,"performance_data":null}
{"timestamp":"2025-06-08T18:19:08.357164","level":"INFO","logger":"gattonero_server","message":"Enhanced Flask Server initialized successfully","module":"development_logger","function":"info","line":294,"request_id":null,"operation_id":null,"algorithm_id":null,"user_session":null,"performance_data":null}
{"timestamp":"2025-06-08T18:19:08.357451","level":"INFO","logger":"gattonero_server","message":"Starting Enhanced Flask Server in development mode","module":"development_logger","function":"info","line":294,"request_id":null,"operation_id":null,"algorithm_id":null,"user_session":null,"performance_data":null}
{"timestamp":"2025-06-08T18:19:09.934803","level":"INFO","logger":"gattonero_server","message":"Development Logger initialized","module":"development_logger","function":"__init__","line":211,"request_id":null,"operation_id":null,"algorithm_id":null,"user_session":null,"performance_data":null}
{"timestamp":"2025-06-08T18:19:09.935585","level":"INFO","logger":"gattonero_server","message":"Performance Profiler initialized","module":"development_logger","function":"info","line":294,"request_id":null,"operation_id":null,"algorithm_id":null,"user_session":null,"performance_data":null}
{"timestamp":"2025-06-08T18:19:09.935914","level":"INFO","logger":"gattonero_server","message":"Simple Health Monitor initialized","module":"development_logger","function":"info","line":294,"request_id":null,"operation_id":null,"algorithm_id":null,"user_session":null,"performance_data":null}
{"timestamp":"2025-06-08T18:19:09.939483","level":"INFO","logger":"gattonero_server","message":"Initializing Enhanced Flask Server","module":"development_logger","function":"info","line":294,"request_id":null,"operation_id":null,"algorithm_id":null,"user_session":null,"performance_data":null}
{"timestamp":"2025-06-08T18:19:09.951835","level":"INFO","logger":"gattonero_server","message":"All health checks passed","module":"development_logger","function":"success","line":311,"request_id":null,"operation_id":null,"algorithm_id":null,"user_session":null,"performance_data":null}
{"timestamp":"2025-06-08T18:19:09.952307","level":"INFO","logger":"gattonero_server","message":"Enhanced Flask Server initialized successfully","module":"development_logger","function":"info","line":294,"request_id":null,"operation_id":null,"algorithm_id":null,"user_session":null,"performance_data":null}
{"timestamp":"2025-06-08T18:19:09.952894","level":"INFO","logger":"gattonero_server","message":"Starting Enhanced Flask Server in development mode","module":"development_logger","function":"info","line":294,"request_id":null,"operation_id":null,"algorithm_id":null,"user_session":null,"performance_data":null}
{"timestamp":"2025-06-08T18:22:19.346231","level":"INFO","logger":"gattonero_server","message":"Shutting down Enhanced Flask Server","module":"development_logger","function":"info","line":294,"request_id":null,"operation_id":null,"algorithm_id":null,"user_session":null,"performance_data":null}
{"timestamp":"2025-06-08T18:22:19.355352","level":"INFO","logger":"gattonero_server","message":"Performance report generated: reports\\performance\\final_session_report.html","module":"development_logger","function":"success","line":311,"request_id":null,"operation_id":null,"algorithm_id":null,"user_session":null,"performance_data":null}
{"timestamp":"2025-06-08T18:22:19.355811","level":"INFO","logger":"gattonero_server","message":"Final performance report generated: reports\\performance\\final_session_report.html","module":"development_logger","function":"success","line":311,"request_id":null,"operation_id":null,"algorithm_id":null,"user_session":null,"performance_data":null}
{"timestamp":"2025-06-08T18:22:19.356110","level":"INFO","logger":"gattonero_server","message":"Enhanced Flask Server shutdown complete","module":"development_logger","function":"info","line":294,"request_id":null,"operation_id":null,"algorithm_id":null,"user_session":null,"performance_data":null}
{"timestamp":"2025-06-08T18:22:20.997980","level":"INFO","logger":"gattonero_server","message":"Development Logger initialized","module":"development_logger","function":"__init__","line":211,"request_id":null,"operation_id":null,"algorithm_id":null,"user_session":null,"performance_data":null}
{"timestamp":"2025-06-08T18:22:20.998655","level":"INFO","logger":"gattonero_server","message":"Performance Profiler initialized","module":"development_logger","function":"info","line":294,"request_id":null,"operation_id":null,"algorithm_id":null,"user_session":null,"performance_data":null}
{"timestamp":"2025-06-08T18:22:20.998978","level":"INFO","logger":"gattonero_server","message":"Simple Health Monitor initialized","module":"development_logger","function":"info","line":294,"request_id":null,"operation_id":null,"algorithm_id":null,"user_session":null,"performance_data":null}
{"timestamp":"2025-06-08T18:22:21.002680","level":"INFO","logger":"gattonero_server","message":"Initializing Enhanced Flask Server","module":"development_logger","function":"info","line":294,"request_id":null,"operation_id":null,"algorithm_id":null,"user_session":null,"performance_data":null}
{"timestamp":"2025-06-08T18:22:21.013315","level":"INFO","logger":"gattonero_server","message":"All health checks passed","module":"development_logger","function":"success","line":311,"request_id":null,"operation_id":null,"algorithm_id":null,"user_session":null,"performance_data":null}
{"timestamp":"2025-06-08T18:22:21.013761","level":"INFO","logger":"gattonero_server","message":"Enhanced Flask Server initialized successfully","module":"development_logger","function":"info","line":294,"request_id":null,"operation_id":null,"algorithm_id":null,"user_session":null,"performance_data":null}
{"timestamp":"2025-06-08T18:22:21.014065","level":"INFO","logger":"gattonero_server","message":"Starting Enhanced Flask Server in development mode","module":"development_logger","function":"info","line":294,"request_id":null,"operation_id":null,"algorithm_id":null,"user_session":null,"performance_data":null}
{"timestamp":"2025-06-08T18:22:42.192127","level":"INFO","logger":"gattonero_server","message":"Development Logger initialized","module":"development_logger","function":"__init__","line":211,"request_id":null,"operation_id":null,"algorithm_id":null,"user_session":null,"performance_data":null}
{"timestamp":"2025-06-08T18:22:42.192892","level":"INFO","logger":"gattonero_server","message":"Performance Profiler initialized","module":"development_logger","function":"info","line":294,"request_id":null,"operation_id":null,"algorithm_id":null,"user_session":null,"performance_data":null}
{"timestamp":"2025-06-08T18:22:42.193269","level":"INFO","logger":"gattonero_server","message":"Simple Health Monitor initialized","module":"development_logger","function":"info","line":294,"request_id":null,"operation_id":null,"algorithm_id":null,"user_session":null,"performance_data":null}
{"timestamp":"2025-06-08T18:22:42.196874","level":"INFO","logger":"gattonero_server","message":"Initializing Enhanced Flask Server","module":"development_logger","function":"info","line":294,"request_id":null,"operation_id":null,"algorithm_id":null,"user_session":null,"performance_data":null}
{"timestamp":"2025-06-08T18:22:42.208264","level":"INFO","logger":"gattonero_server","message":"All health checks passed","module":"development_logger","function":"success","line":311,"request_id":null,"operation_id":null,"algorithm_id":null,"user_session":null,"performance_data":null}
{"timestamp":"2025-06-08T18:22:42.208620","level":"INFO","logger":"gattonero_server","message":"Enhanced Flask Server initialized successfully","module":"development_logger","function":"info","line":294,"request_id":null,"operation_id":null,"algorithm_id":null,"user_session":null,"performance_data":null}
{"timestamp":"2025-06-08T18:22:42.208858","level":"INFO","logger":"gattonero_server","message":"Starting Enhanced Flask Server in development mode","module":"development_logger","function":"info","line":294,"request_id":null,"operation_id":null,"algorithm_id":null,"user_session":null,"performance_data":null}
{"timestamp":"2025-06-08T18:22:43.648563","level":"INFO","logger":"gattonero_server","message":"Development Logger initialized","module":"development_logger","function":"__init__","line":211,"request_id":null,"operation_id":null,"algorithm_id":null,"user_session":null,"performance_data":null}
{"timestamp":"2025-06-08T18:22:43.649216","level":"INFO","logger":"gattonero_server","message":"Performance Profiler initialized","module":"development_logger","function":"info","line":294,"request_id":null,"operation_id":null,"algorithm_id":null,"user_session":null,"performance_data":null}
{"timestamp":"2025-06-08T18:22:43.649527","level":"INFO","logger":"gattonero_server","message":"Simple Health Monitor initialized","module":"development_logger","function":"info","line":294,"request_id":null,"operation_id":null,"algorithm_id":null,"user_session":null,"performance_data":null}
{"timestamp":"2025-06-08T18:22:43.653125","level":"INFO","logger":"gattonero_server","message":"Initializing Enhanced Flask Server","module":"development_logger","function":"info","line":294,"request_id":null,"operation_id":null,"algorithm_id":null,"user_session":null,"performance_data":null}
{"timestamp":"2025-06-08T18:22:43.664036","level":"INFO","logger":"gattonero_server","message":"All health checks passed","module":"development_logger","function":"success","line":311,"request_id":null,"operation_id":null,"algorithm_id":null,"user_session":null,"performance_data":null}
{"timestamp":"2025-06-08T18:22:43.664416","level":"INFO","logger":"gattonero_server","message":"Enhanced Flask Server initialized successfully","module":"development_logger","function":"info","line":294,"request_id":null,"operation_id":null,"algorithm_id":null,"user_session":null,"performance_data":null}
{"timestamp":"2025-06-08T18:22:43.664803","level":"INFO","logger":"gattonero_server","message":"Starting Enhanced Flask Server in development mode","module":"development_logger","function":"info","line":294,"request_id":null,"operation_id":null,"algorithm_id":null,"user_session":null,"performance_data":null}
{"timestamp":"2025-06-08T18:23:22.482452","level":"INFO","logger":"gattonero_server","message":"Shutting down Enhanced Flask Server","module":"development_logger","function":"info","line":294,"request_id":null,"operation_id":null,"algorithm_id":null,"user_session":null,"performance_data":null}
{"timestamp":"2025-06-08T18:23:22.493602","level":"INFO","logger":"gattonero_server","message":"Performance report generated: reports\\performance\\final_session_report.html","module":"development_logger","function":"success","line":311,"request_id":null,"operation_id":null,"algorithm_id":null,"user_session":null,"performance_data":null}
{"timestamp":"2025-06-08T18:23:22.494446","level":"INFO","logger":"gattonero_server","message":"Final performance report generated: reports\\performance\\final_session_report.html","module":"development_logger","function":"success","line":311,"request_id":null,"operation_id":null,"algorithm_id":null,"user_session":null,"performance_data":null}
{"timestamp":"2025-06-08T18:23:22.495116","level":"INFO","logger":"gattonero_server","message":"Enhanced Flask Server shutdown complete","module":"development_logger","function":"info","line":294,"request_id":null,"operation_id":null,"algorithm_id":null,"user_session":null,"performance_data":null}
{"timestamp":"2025-06-08T18:23:22.830872","level":"INFO","logger":"gattonero_server","message":"Shutting down Enhanced Flask Server","module":"development_logger","function":"info","line":294,"request_id":null,"operation_id":null,"algorithm_id":null,"user_session":null,"performance_data":null}
{"timestamp":"2025-06-08T18:23:22.840778","level":"INFO","logger":"gattonero_server","message":"Performance report generated: reports\\performance\\final_session_report.html","module":"development_logger","function":"success","line":311,"request_id":null,"operation_id":null,"algorithm_id":null,"user_session":null,"performance_data":null}
{"timestamp":"2025-06-08T18:23:22.841489","level":"INFO","logger":"gattonero_server","message":"Final performance report generated: reports\\performance\\final_session_report.html","module":"development_logger","function":"success","line":311,"request_id":null,"operation_id":null,"algorithm_id":null,"user_session":null,"performance_data":null}
{"timestamp":"2025-06-08T18:23:22.842071","level":"INFO","logger":"gattonero_server","message":"Enhanced Flask Server shutdown complete","module":"development_logger","function":"info","line":294,"request_id":null,"operation_id":null,"algorithm_id":null,"user_session":null,"performance_data":null}
{"timestamp":"2025-06-08T18:23:24.516741","level":"INFO","logger":"gattonero_server","message":"Development Logger initialized","module":"development_logger","function":"__init__","line":211,"request_id":null,"operation_id":null,"algorithm_id":null,"user_session":null,"performance_data":null}
{"timestamp":"2025-06-08T18:23:24.517697","level":"INFO","logger":"gattonero_server","message":"Performance Profiler initialized","module":"development_logger","function":"info","line":294,"request_id":null,"operation_id":null,"algorithm_id":null,"user_session":null,"performance_data":null}
{"timestamp":"2025-06-08T18:23:24.518275","level":"INFO","logger":"gattonero_server","message":"Simple Health Monitor initialized","module":"development_logger","function":"info","line":294,"request_id":null,"operation_id":null,"algorithm_id":null,"user_session":null,"performance_data":null}
{"timestamp":"2025-06-08T18:23:24.523916","level":"INFO","logger":"gattonero_server","message":"Initializing Enhanced Flask Server","module":"development_logger","function":"info","line":294,"request_id":null,"operation_id":null,"algorithm_id":null,"user_session":null,"performance_data":null}
{"timestamp":"2025-06-08T18:23:24.535221","level":"INFO","logger":"gattonero_server","message":"All health checks passed","module":"development_logger","function":"success","line":311,"request_id":null,"operation_id":null,"algorithm_id":null,"user_session":null,"performance_data":null}
{"timestamp":"2025-06-08T18:23:24.535666","level":"INFO","logger":"gattonero_server","message":"Enhanced Flask Server initialized successfully","module":"development_logger","function":"info","line":294,"request_id":null,"operation_id":null,"algorithm_id":null,"user_session":null,"performance_data":null}
{"timestamp":"2025-06-08T18:23:24.536158","level":"INFO","logger":"gattonero_server","message":"Starting Enhanced Flask Server in development mode","module":"development_logger","function":"info","line":294,"request_id":null,"operation_id":null,"algorithm_id":null,"user_session":null,"performance_data":null}
{"timestamp":"2025-06-08T18:23:24.682786","level":"INFO","logger":"gattonero_server","message":"Shutting down Enhanced Flask Server","module":"development_logger","function":"info","line":294,"request_id":null,"operation_id":null,"algorithm_id":null,"user_session":null,"performance_data":null}
{"timestamp":"2025-06-08T18:23:24.692219","level":"INFO","logger":"gattonero_server","message":"Performance report generated: reports\\performance\\final_session_report.html","module":"development_logger","function":"success","line":311,"request_id":null,"operation_id":null,"algorithm_id":null,"user_session":null,"performance_data":null}
{"timestamp":"2025-06-08T18:23:24.692771","level":"INFO","logger":"gattonero_server","message":"Final performance report generated: reports\\performance\\final_session_report.html","module":"development_logger","function":"success","line":311,"request_id":null,"operation_id":null,"algorithm_id":null,"user_session":null,"performance_data":null}
{"timestamp":"2025-06-08T18:23:24.693237","level":"INFO","logger":"gattonero_server","message":"Enhanced Flask Server shutdown complete","module":"development_logger","function":"info","line":294,"request_id":null,"operation_id":null,"algorithm_id":null,"user_session":null,"performance_data":null}
{"timestamp":"2025-06-08T18:24:05.915160","level":"INFO","logger":"gattonero_server","message":"Development Logger initialized","module":"development_logger","function":"__init__","line":211,"request_id":null,"operation_id":null,"algorithm_id":null,"user_session":null,"performance_data":null}
{"timestamp":"2025-06-08T18:24:05.915901","level":"INFO","logger":"gattonero_server","message":"Performance Profiler initialized","module":"development_logger","function":"info","line":294,"request_id":null,"operation_id":null,"algorithm_id":null,"user_session":null,"performance_data":null}
{"timestamp":"2025-06-08T18:24:05.916246","level":"INFO","logger":"gattonero_server","message":"Simple Health Monitor initialized","module":"development_logger","function":"info","line":294,"request_id":null,"operation_id":null,"algorithm_id":null,"user_session":null,"performance_data":null}
{"timestamp":"2025-06-08T18:24:05.920151","level":"INFO","logger":"gattonero_server","message":"Initializing Enhanced Flask Server","module":"development_logger","function":"info","line":294,"request_id":null,"operation_id":null,"algorithm_id":null,"user_session":null,"performance_data":null}
{"timestamp":"2025-06-08T18:24:05.931535","level":"INFO","logger":"gattonero_server","message":"All health checks passed","module":"development_logger","function":"success","line":311,"request_id":null,"operation_id":null,"algorithm_id":null,"user_session":null,"performance_data":null}
{"timestamp":"2025-06-08T18:24:05.931904","level":"INFO","logger":"gattonero_server","message":"Enhanced Flask Server initialized successfully","module":"development_logger","function":"info","line":294,"request_id":null,"operation_id":null,"algorithm_id":null,"user_session":null,"performance_data":null}
{"timestamp":"2025-06-08T18:24:05.932158","level":"INFO","logger":"gattonero_server","message":"Starting Enhanced Flask Server in development mode","module":"development_logger","function":"info","line":294,"request_id":null,"operation_id":null,"algorithm_id":null,"user_session":null,"performance_data":null}
{"timestamp":"2025-06-08T18:24:07.399744","level":"INFO","logger":"gattonero_server","message":"Development Logger initialized","module":"development_logger","function":"__init__","line":211,"request_id":null,"operation_id":null,"algorithm_id":null,"user_session":null,"performance_data":null}
{"timestamp":"2025-06-08T18:24:07.400483","level":"INFO","logger":"gattonero_server","message":"Performance Profiler initialized","module":"development_logger","function":"info","line":294,"request_id":null,"operation_id":null,"algorithm_id":null,"user_session":null,"performance_data":null}
{"timestamp":"2025-06-08T18:24:07.400887","level":"INFO","logger":"gattonero_server","message":"Simple Health Monitor initialized","module":"development_logger","function":"info","line":294,"request_id":null,"operation_id":null,"algorithm_id":null,"user_session":null,"performance_data":null}
{"timestamp":"2025-06-08T18:24:07.405120","level":"INFO","logger":"gattonero_server","message":"Initializing Enhanced Flask Server","module":"development_logger","function":"info","line":294,"request_id":null,"operation_id":null,"algorithm_id":null,"user_session":null,"performance_data":null}
{"timestamp":"2025-06-08T18:24:07.416416","level":"INFO","logger":"gattonero_server","message":"All health checks passed","module":"development_logger","function":"success","line":311,"request_id":null,"operation_id":null,"algorithm_id":null,"user_session":null,"performance_data":null}
{"timestamp":"2025-06-08T18:24:07.416843","level":"INFO","logger":"gattonero_server","message":"Enhanced Flask Server initialized successfully","module":"development_logger","function":"info","line":294,"request_id":null,"operation_id":null,"algorithm_id":null,"user_session":null,"performance_data":null}
{"timestamp":"2025-06-08T18:24:07.417239","level":"INFO","logger":"gattonero_server","message":"Starting Enhanced Flask Server in development mode","module":"development_logger","function":"info","line":294,"request_id":null,"operation_id":null,"algorithm_id":null,"user_session":null,"performance_data":null}
{"timestamp":"2025-06-08T18:24:34.758770","level":"ERROR","logger":"gattonero_server","message":"Request error: name 'request' is not defined","module":"development_logger","function":"error","line":302,"request_id":"9b59f91e","operation_id":null,"algorithm_id":null,"user_session":null,"performance_data":null}
{"timestamp":"2025-06-08T18:25:01.912611","level":"INFO","logger":"gattonero_server","message":"Shutting down Enhanced Flask Server","module":"development_logger","function":"info","line":294,"request_id":null,"operation_id":null,"algorithm_id":null,"user_session":null,"performance_data":null}
{"timestamp":"2025-06-08T18:25:01.921844","level":"INFO","logger":"gattonero_server","message":"Performance report generated: reports\\performance\\final_session_report.html","module":"development_logger","function":"success","line":311,"request_id":null,"operation_id":null,"algorithm_id":null,"user_session":null,"performance_data":null}
{"timestamp":"2025-06-08T18:25:01.922700","level":"INFO","logger":"gattonero_server","message":"Final performance report generated: reports\\performance\\final_session_report.html","module":"development_logger","function":"success","line":311,"request_id":null,"operation_id":null,"algorithm_id":null,"user_session":null,"performance_data":null}
{"timestamp":"2025-06-08T18:25:01.923530","level":"INFO","logger":"gattonero_server","message":"Enhanced Flask Server shutdown complete","module":"development_logger","function":"info","line":294,"request_id":null,"operation_id":null,"algorithm_id":null,"user_session":null,"performance_data":null}
{"timestamp":"2025-06-08T18:25:03.632115","level":"INFO","logger":"gattonero_server","message":"Development Logger initialized","module":"development_logger","function":"__init__","line":211,"request_id":null,"operation_id":null,"algorithm_id":null,"user_session":null,"performance_data":null}
{"timestamp":"2025-06-08T18:25:03.632923","level":"INFO","logger":"gattonero_server","message":"Performance Profiler initialized","module":"development_logger","function":"info","line":294,"request_id":null,"operation_id":null,"algorithm_id":null,"user_session":null,"performance_data":null}
{"timestamp":"2025-06-08T18:25:03.633356","level":"INFO","logger":"gattonero_server","message":"Simple Health Monitor initialized","module":"development_logger","function":"info","line":294,"request_id":null,"operation_id":null,"algorithm_id":null,"user_session":null,"performance_data":null}
{"timestamp":"2025-06-08T18:25:03.637446","level":"INFO","logger":"gattonero_server","message":"Initializing Enhanced Flask Server","module":"development_logger","function":"info","line":294,"request_id":null,"operation_id":null,"algorithm_id":null,"user_session":null,"performance_data":null}
{"timestamp":"2025-06-08T18:25:03.648649","level":"INFO","logger":"gattonero_server","message":"All health checks passed","module":"development_logger","function":"success","line":311,"request_id":null,"operation_id":null,"algorithm_id":null,"user_session":null,"performance_data":null}
{"timestamp":"2025-06-08T18:25:03.649122","level":"INFO","logger":"gattonero_server","message":"Enhanced Flask Server initialized successfully","module":"development_logger","function":"info","line":294,"request_id":null,"operation_id":null,"algorithm_id":null,"user_session":null,"performance_data":null}
{"timestamp":"2025-06-08T18:25:03.649505","level":"INFO","logger":"gattonero_server","message":"Starting Enhanced Flask Server in development mode","module":"development_logger","function":"info","line":294,"request_id":null,"operation_id":null,"algorithm_id":null,"user_session":null,"performance_data":null}
{"timestamp":"2025-06-08T18:25:25.270658","level":"INFO","logger":"gattonero_server","message":"Development Logger initialized","module":"development_logger","function":"__init__","line":211,"request_id":null,"operation_id":null,"algorithm_id":null,"user_session":null,"performance_data":null}
{"timestamp":"2025-06-08T18:25:25.271438","level":"INFO","logger":"gattonero_server","message":"Performance Profiler initialized","module":"development_logger","function":"info","line":294,"request_id":null,"operation_id":null,"algorithm_id":null,"user_session":null,"performance_data":null}
{"timestamp":"2025-06-08T18:25:25.271752","level":"INFO","logger":"gattonero_server","message":"Simple Health Monitor initialized","module":"development_logger","function":"info","line":294,"request_id":null,"operation_id":null,"algorithm_id":null,"user_session":null,"performance_data":null}
{"timestamp":"2025-06-08T18:25:25.278293","level":"INFO","logger":"gattonero_server","message":"Initializing Enhanced Flask Server","module":"development_logger","function":"info","line":294,"request_id":null,"operation_id":null,"algorithm_id":null,"user_session":null,"performance_data":null}
{"timestamp":"2025-06-08T18:25:25.298106","level":"INFO","logger":"gattonero_server","message":"All health checks passed","module":"development_logger","function":"success","line":311,"request_id":null,"operation_id":null,"algorithm_id":null,"user_session":null,"performance_data":null}
{"timestamp":"2025-06-08T18:25:25.298641","level":"INFO","logger":"gattonero_server","message":"Enhanced Flask Server initialized successfully","module":"development_logger","function":"info","line":294,"request_id":null,"operation_id":null,"algorithm_id":null,"user_session":null,"performance_data":null}
{"timestamp":"2025-06-08T18:25:25.298987","level":"INFO","logger":"gattonero_server","message":"Starting Enhanced Flask Server in development mode","module":"development_logger","function":"info","line":294,"request_id":null,"operation_id":null,"algorithm_id":null,"user_session":null,"performance_data":null}
{"timestamp":"2025-06-08T18:25:26.735404","level":"INFO","logger":"gattonero_server","message":"Development Logger initialized","module":"development_logger","function":"__init__","line":211,"request_id":null,"operation_id":null,"algorithm_id":null,"user_session":null,"performance_data":null}
{"timestamp":"2025-06-08T18:25:26.736256","level":"INFO","logger":"gattonero_server","message":"Performance Profiler initialized","module":"development_logger","function":"info","line":294,"request_id":null,"operation_id":null,"algorithm_id":null,"user_session":null,"performance_data":null}
{"timestamp":"2025-06-08T18:25:26.736717","level":"INFO","logger":"gattonero_server","message":"Simple Health Monitor initialized","module":"development_logger","function":"info","line":294,"request_id":null,"operation_id":null,"algorithm_id":null,"user_session":null,"performance_data":null}
{"timestamp":"2025-06-08T18:25:26.741216","level":"INFO","logger":"gattonero_server","message":"Initializing Enhanced Flask Server","module":"development_logger","function":"info","line":294,"request_id":null,"operation_id":null,"algorithm_id":null,"user_session":null,"performance_data":null}
{"timestamp":"2025-06-08T18:25:26.751919","level":"INFO","logger":"gattonero_server","message":"All health checks passed","module":"development_logger","function":"success","line":311,"request_id":null,"operation_id":null,"algorithm_id":null,"user_session":null,"performance_data":null}
{"timestamp":"2025-06-08T18:25:26.752377","level":"INFO","logger":"gattonero_server","message":"Enhanced Flask Server initialized successfully","module":"development_logger","function":"info","line":294,"request_id":null,"operation_id":null,"algorithm_id":null,"user_session":null,"performance_data":null}
{"timestamp":"2025-06-08T18:25:26.752783","level":"INFO","logger":"gattonero_server","message":"Starting Enhanced Flask Server in development mode","module":"development_logger","function":"info","line":294,"request_id":null,"operation_id":null,"algorithm_id":null,"user_session":null,"performance_data":null}
{"timestamp":"2025-06-08T18:25:38.679648","level":"DEBUG","logger":"gattonero_server","message":"Request started: GET /","module":"development_logger","function":"debug","line":290,"request_id":"37e68c5c","operation_id":null,"algorithm_id":null,"user_session":null,"performance_data":null}
{"timestamp":"2025-06-08T18:25:38.679861","level":"DEBUG","logger":"gattonero_server","message":"Request completed: 200","module":"development_logger","function":"debug","line":290,"request_id":"37e68c5c","operation_id":null,"algorithm_id":null,"user_session":null,"performance_data":null}
{"timestamp":"2025-06-08T18:25:56.462101","level":"DEBUG","logger":"gattonero_server","message":"Request started: GET /api/health","module":"development_logger","function":"debug","line":290,"request_id":"3cfc2778","operation_id":null,"algorithm_id":null,"user_session":null,"performance_data":null}
{"timestamp":"2025-06-08T18:25:56.473846","level":"INFO","logger":"gattonero_server","message":"Operation profiled: health_check","module":"development_logger","function":"performance","line":316,"request_id":"3cfc2778","operation_id":null,"algorithm_id":null,"user_session":null,"duration_ms":11.436300002969801,"performance_data":null}
{"timestamp":"2025-06-08T18:25:56.474506","level":"DEBUG","logger":"gattonero_server","message":"Request completed: 200","module":"development_logger","function":"debug","line":290,"request_id":"3cfc2778","operation_id":null,"algorithm_id":null,"user_session":null,"performance_data":null}
{"timestamp":"2025-06-08T18:26:06.857588","level":"DEBUG","logger":"gattonero_server","message":"Request started: GET /api/performance/dashboard","module":"development_logger","function":"debug","line":290,"request_id":"9cb3786c","operation_id":null,"algorithm_id":null,"user_session":null,"performance_data":null}
{"timestamp":"2025-06-08T18:26:06.858274","level":"INFO","logger":"gattonero_server","message":"Operation profiled: performance_dashboard","module":"development_logger","function":"performance","line":316,"request_id":"9cb3786c","operation_id":null,"algorithm_id":null,"user_session":null,"duration_ms":0.2835000050254166,"performance_data":null}
{"timestamp":"2025-06-08T18:26:06.859300","level":"DEBUG","logger":"gattonero_server","message":"Request completed: 200","module":"development_logger","function":"debug","line":290,"request_id":"9cb3786c","operation_id":null,"algorithm_id":null,"user_session":null,"performance_data":null}
{"timestamp":"2025-06-08T18:26:15.542278","level":"DEBUG","logger":"gattonero_server","message":"Request started: GET /routes","module":"development_logger","function":"debug","line":290,"request_id":"16aa1f61","operation_id":null,"algorithm_id":null,"user_session":null,"performance_data":null}
{"timestamp":"2025-06-08T18:26:15.542597","level":"DEBUG","logger":"gattonero_server","message":"Request completed: 200","module":"development_logger","function":"debug","line":290,"request_id":"16aa1f61","operation_id":null,"algorithm_id":null,"user_session":null,"performance_data":null}
{"timestamp":"2025-06-08T18:26:27.003573","level":"DEBUG","logger":"gattonero_server","message":"Request started: POST /api/colormatch","module":"development_logger","function":"debug","line":290,"request_id":"7569f6a2","operation_id":null,"algorithm_id":null,"user_session":null,"performance_data":null}
{"timestamp":"2025-06-08T18:28:19.813163","level":"DEBUG","logger":"gattonero_server","message":"Request started: POST /api/colormatch","module":"development_logger","function":"debug","line":290,"request_id":"571509be","operation_id":null,"algorithm_id":null,"user_session":null,"performance_data":null}
{"timestamp":"2025-06-08T18:30:24.060915","level":"DEBUG","logger":"gattonero_server","message":"Request completed: 200","module":"development_logger","function":"debug","line":290,"request_id":"7569f6a2","operation_id":null,"algorithm_id":null,"user_session":null,"performance_data":null}
{"timestamp":"2025-06-08T18:34:35.425748","level":"INFO","logger":"gattonero_server","message":"Development Logger initialized","module":"development_logger","function":"__init__","line":211,"request_id":null,"operation_id":null,"algorithm_id":null,"user_session":null,"performance_data":null}
{"timestamp":"2025-06-08T18:34:35.426326","level":"INFO","logger":"gattonero_server","message":"Performance Profiler initialized","module":"development_logger","function":"info","line":294,"request_id":null,"operation_id":null,"algorithm_id":null,"user_session":null,"performance_data":null}
{"timestamp":"2025-06-08T18:34:35.426531","level":"INFO","logger":"gattonero_server","message":"Simple Health Monitor initialized","module":"development_logger","function":"info","line":294,"request_id":null,"operation_id":null,"algorithm_id":null,"user_session":null,"performance_data":null}
{"timestamp":"2025-06-08T18:34:35.430733","level":"INFO","logger":"gattonero_server","message":"Initializing Enhanced Flask Server","module":"development_logger","function":"info","line":294,"request_id":null,"operation_id":null,"algorithm_id":null,"user_session":null,"performance_data":null}
{"timestamp":"2025-06-08T18:34:35.441799","level":"INFO","logger":"gattonero_server","message":"All health checks passed","module":"development_logger","function":"success","line":311,"request_id":null,"operation_id":null,"algorithm_id":null,"user_session":null,"performance_data":null}
{"timestamp":"2025-06-08T18:34:35.441983","level":"INFO","logger":"gattonero_server","message":"Enhanced Flask Server initialized successfully","module":"development_logger","function":"info","line":294,"request_id":null,"operation_id":null,"algorithm_id":null,"user_session":null,"performance_data":null}
{"timestamp":"2025-06-08T18:34:35.442132","level":"INFO","logger":"gattonero_server","message":"Starting Enhanced Flask Server in development mode","module":"development_logger","function":"info","line":294,"request_id":null,"operation_id":null,"algorithm_id":null,"user_session":null,"performance_data":null}
{"timestamp":"2025-06-08T18:34:37.024843","level":"INFO","logger":"gattonero_server","message":"Development Logger initialized","module":"development_logger","function":"__init__","line":211,"request_id":null,"operation_id":null,"algorithm_id":null,"user_session":null,"performance_data":null}
{"timestamp":"2025-06-08T18:34:37.025266","level":"INFO","logger":"gattonero_server","message":"Performance Profiler initialized","module":"development_logger","function":"info","line":294,"request_id":null,"operation_id":null,"algorithm_id":null,"user_session":null,"performance_data":null}
{"timestamp":"2025-06-08T18:34:37.025390","level":"INFO","logger":"gattonero_server","message":"Simple Health Monitor initialized","module":"development_logger","function":"info","line":294,"request_id":null,"operation_id":null,"algorithm_id":null,"user_session":null,"performance_data":null}
{"timestamp":"2025-06-08T18:34:37.029133","level":"INFO","logger":"gattonero_server","message":"Initializing Enhanced Flask Server","module":"development_logger","function":"info","line":294,"request_id":null,"operation_id":null,"algorithm_id":null,"user_session":null,"performance_data":null}
{"timestamp":"2025-06-08T18:34:37.039423","level":"INFO","logger":"gattonero_server","message":"All health checks passed","module":"development_logger","function":"success","line":311,"request_id":null,"operation_id":null,"algorithm_id":null,"user_session":null,"performance_data":null}
{"timestamp":"2025-06-08T18:34:37.039595","level":"INFO","logger":"gattonero_server","message":"Enhanced Flask Server initialized successfully","module":"development_logger","function":"info","line":294,"request_id":null,"operation_id":null,"algorithm_id":null,"user_session":null,"performance_data":null}
{"timestamp":"2025-06-08T18:34:37.039679","level":"INFO","logger":"gattonero_server","message":"Starting Enhanced Flask Server in development mode","module":"development_logger","function":"info","line":294,"request_id":null,"operation_id":null,"algorithm_id":null,"user_session":null,"performance_data":null}
{"timestamp":"2025-06-08T18:34:37.109441","level":"DEBUG","logger":"gattonero_server","message":"Request started: GET /","module":"development_logger","function":"debug","line":290,"request_id":"da5af451","operation_id":null,"algorithm_id":null,"user_session":null,"performance_data":null}
{"timestamp":"2025-06-08T18:34:37.109661","level":"DEBUG","logger":"gattonero_server","message":"Request completed: 200","module":"development_logger","function":"debug","line":290,"request_id":"da5af451","operation_id":null,"algorithm_id":null,"user_session":null,"performance_data":null}
{"timestamp":"2025-06-08T18:34:45.043754","level":"DEBUG","logger":"gattonero_server","message":"Request started: GET /","module":"development_logger","function":"debug","line":290,"request_id":"98312287","operation_id":null,"algorithm_id":null,"user_session":null,"performance_data":null}
{"timestamp":"2025-06-08T18:34:45.044130","level":"DEBUG","logger":"gattonero_server","message":"Request completed: 200","module":"development_logger","function":"debug","line":290,"request_id":"98312287","operation_id":null,"algorithm_id":null,"user_session":null,"performance_data":null}
{"timestamp":"2025-06-08T18:34:51.305643","level":"DEBUG","logger":"gattonero_server","message":"Request started: GET /","module":"development_logger","function":"debug","line":290,"request_id":"307f7a06","operation_id":null,"algorithm_id":null,"user_session":null,"performance_data":null}
{"timestamp":"2025-06-08T18:34:51.305922","level":"DEBUG","logger":"gattonero_server","message":"Request completed: 200","module":"development_logger","function":"debug","line":290,"request_id":"307f7a06","operation_id":null,"algorithm_id":null,"user_session":null,"performance_data":null}
{"timestamp":"2025-06-08T18:34:51.329623","level":"DEBUG","logger":"gattonero_server","message":"Request started: GET /api/health","module":"development_logger","function":"debug","line":290,"request_id":"848b9a44","operation_id":null,"algorithm_id":null,"user_session":null,"performance_data":null}
{"timestamp":"2025-06-08T18:34:51.339881","level":"INFO","logger":"gattonero_server","message":"Operation profiled: health_check","module":"development_logger","function":"performance","line":316,"request_id":"848b9a44","operation_id":null,"algorithm_id":null,"user_session":null,"duration_ms":9.914299997035414,"performance_data":null}
{"timestamp":"2025-06-08T18:34:51.340173","level":"DEBUG","logger":"gattonero_server","message":"Request completed: 200","module":"development_logger","function":"debug","line":290,"request_id":"848b9a44","operation_id":null,"algorithm_id":null,"user_session":null,"performance_data":null}
{"timestamp":"2025-06-08T18:34:59.580450","level":"DEBUG","logger":"gattonero_server","message":"Request started: GET /","module":"development_logger","function":"debug","line":290,"request_id":"d1e82a2c","operation_id":null,"algorithm_id":null,"user_session":null,"performance_data":null}
{"timestamp":"2025-06-08T18:34:59.580640","level":"DEBUG","logger":"gattonero_server","message":"Request completed: 200","module":"development_logger","function":"debug","line":290,"request_id":"d1e82a2c","operation_id":null,"algorithm_id":null,"user_session":null,"performance_data":null}
{"timestamp":"2025-06-08T19:13:54.668622","level":"DEBUG","logger":"gattonero_server","message":"Request started: GET /","module":"development_logger","function":"debug","line":290,"request_id":"d0019d3e","operation_id":null,"algorithm_id":null,"user_session":null,"performance_data":null}
{"timestamp":"2025-06-08T19:13:54.668976","level":"DEBUG","logger":"gattonero_server","message":"Request completed: 200","module":"development_logger","function":"debug","line":290,"request_id":"d0019d3e","operation_id":null,"algorithm_id":null,"user_session":null,"performance_data":null}
{"timestamp":"2025-06-08T19:14:10.455535","level":"DEBUG","logger":"gattonero_server","message":"Request started: GET /api/health","module":"development_logger","function":"debug","line":290,"request_id":"747f5468","operation_id":null,"algorithm_id":null,"user_session":null,"performance_data":null}
{"timestamp":"2025-06-08T19:14:10.466446","level":"INFO","logger":"gattonero_server","message":"Operation profiled: health_check","module":"development_logger","function":"performance","line":316,"request_id":"747f5468","operation_id":null,"algorithm_id":null,"user_session":null,"duration_ms":10.645800008205697,"performance_data":null}
{"timestamp":"2025-06-08T19:14:10.466737","level":"DEBUG","logger":"gattonero_server","message":"Request completed: 200","module":"development_logger","function":"debug","line":290,"request_id":"747f5468","operation_id":null,"algorithm_id":null,"user_session":null,"performance_data":null}
{"timestamp":"2025-06-08T19:14:19.672982","level":"DEBUG","logger":"gattonero_server","message":"Request started: POST /api/colormatch","module":"development_logger","function":"debug","line":290,"request_id":"344be492","operation_id":null,"algorithm_id":null,"user_session":null,"performance_data":null}
{"timestamp":"2025-06-08T19:14:21.164487","level":"DEBUG","logger":"gattonero_server","message":"Request completed: 200","module":"development_logger","function":"debug","line":290,"request_id":"344be492","operation_id":null,"algorithm_id":null,"user_session":null,"performance_data":null}
{"timestamp":"2025-06-08T19:14:21.170316","level":"DEBUG","logger":"gattonero_server","message":"Request started: POST /api/colormatch","module":"development_logger","function":"debug","line":290,"request_id":"a3a2996a","operation_id":null,"algorithm_id":null,"user_session":null,"performance_data":null}
{"timestamp":"2025-06-08T19:14:21.323742","level":"DEBUG","logger":"gattonero_server","message":"Request completed: 200","module":"development_logger","function":"debug","line":290,"request_id":"a3a2996a","operation_id":null,"algorithm_id":null,"user_session":null,"performance_data":null}
{"timestamp":"2025-06-08T19:14:21.328272","level":"DEBUG","logger":"gattonero_server","message":"Request started: POST /api/colormatch","module":"development_logger","function":"debug","line":290,"request_id":"55f536eb","operation_id":null,"algorithm_id":null,"user_session":null,"performance_data":null}
{"timestamp":"2025-06-08T19:14:21.337252","level":"DEBUG","logger":"gattonero_server","message":"Request completed: 200","module":"development_logger","function":"debug","line":290,"request_id":"55f536eb","operation_id":null,"algorithm_id":null,"user_session":null,"performance_data":null}
{"timestamp":"2025-06-08T19:14:32.929194","level":"DEBUG","logger":"gattonero_server","message":"Request started: GET /api/performance/dashboard","module":"development_logger","function":"debug","line":290,"request_id":"29e6a464","operation_id":null,"algorithm_id":null,"user_session":null,"performance_data":null}
{"timestamp":"2025-06-08T19:14:32.929848","level":"INFO","logger":"gattonero_server","message":"Operation profiled: performance_dashboard","module":"development_logger","function":"performance","line":316,"request_id":"29e6a464","operation_id":null,"algorithm_id":null,"user_session":null,"duration_ms":0.2796000044327229,"performance_data":null}
{"timestamp":"2025-06-08T19:14:32.930523","level":"DEBUG","logger":"gattonero_server","message":"Request completed: 200","module":"development_logger","function":"debug","line":290,"request_id":"29e6a464","operation_id":null,"algorithm_id":null,"user_session":null,"performance_data":null}
{"timestamp":"2025-06-08T19:17:53.946099","level":"INFO","logger":"gattonero_server","message":"Shutting down Enhanced Flask Server","module":"development_logger","function":"info","line":294,"request_id":null,"operation_id":null,"algorithm_id":null,"user_session":null,"performance_data":null}
{"timestamp":"2025-06-08T19:17:53.954531","level":"INFO","logger":"gattonero_server","message":"Performance report generated: reports\\performance\\final_session_report.html","module":"development_logger","function":"success","line":311,"request_id":null,"operation_id":null,"algorithm_id":null,"user_session":null,"performance_data":null}
{"timestamp":"2025-06-08T19:17:53.954806","level":"INFO","logger":"gattonero_server","message":"Final performance report generated: reports\\performance\\final_session_report.html","module":"development_logger","function":"success","line":311,"request_id":null,"operation_id":null,"algorithm_id":null,"user_session":null,"performance_data":null}
{"timestamp":"2025-06-08T19:17:53.954911","level":"INFO","logger":"gattonero_server","message":"Enhanced Flask Server shutdown complete","module":"development_logger","function":"info","line":294,"request_id":null,"operation_id":null,"algorithm_id":null,"user_session":null,"performance_data":null}
{"timestamp":"2025-06-08T19:17:54.152353","level":"INFO","logger":"gattonero_server","message":"Shutting down Enhanced Flask Server","module":"development_logger","function":"info","line":294,"request_id":null,"operation_id":null,"algorithm_id":null,"user_session":null,"performance_data":null}
{"timestamp":"2025-06-08T19:17:54.160231","level":"INFO","logger":"gattonero_server","message":"Performance report generated: reports\\performance\\final_session_report.html","module":"development_logger","function":"success","line":311,"request_id":null,"operation_id":null,"algorithm_id":null,"user_session":null,"performance_data":null}
{"timestamp":"2025-06-08T19:17:54.160488","level":"INFO","logger":"gattonero_server","message":"Final performance report generated: reports\\performance\\final_session_report.html","module":"development_logger","function":"success","line":311,"request_id":null,"operation_id":null,"algorithm_id":null,"user_session":null,"performance_data":null}
{"timestamp":"2025-06-08T19:17:54.160599","level":"INFO","logger":"gattonero_server","message":"Enhanced Flask Server shutdown complete","module":"development_logger","function":"info","line":294,"request_id":null,"operation_id":null,"algorithm_id":null,"user_session":null,"performance_data":null}
[97m22:34:01.981[0m [94mINFO    [0m [96mgattonero[0m.[96m__init__[0m Development Logger initialized
[97m22:34:01.982[0m [94mINFO    [0m [96mgattonero[0m.[96minfo[0m Performance Profiler initialized
[97m22:34:01.982[0m [94mINFO    [0m [96mgattonero[0m.[96minfo[0m Simple Health Monitor initialized
[97m22:34:01.986[0m [94mINFO    [0m [96mgattonero[0m.[96minfo[0m Initializing Enhanced Flask Server
[97m22:34:01.994[0m [94mINFO    [0m [96mgattonero[0m.[96msuccess[0m All health checks passed
[97m22:34:01.994[0m [94mINFO    [0m [96mgattonero[0m.[96minfo[0m Enhanced Flask Server initialized successfully
[97m22:34:36.151[0m [94mINFO    [0m [96mgattonero[0m.[96m__init__[0m Development Logger initialized
[97m22:34:36.151[0m [94mINFO    [0m [96mgattonero[0m.[96minfo[0m Performance Profiler initialized
[97m22:34:36.151[0m [94mINFO    [0m [96mgattonero[0m.[96minfo[0m Simple Health Monitor initialized
[97m22:34:36.155[0m [94mINFO    [0m [96mgattonero[0m.[96minfo[0m Initializing Enhanced Flask Server
[97m22:34:36.164[0m [94mINFO    [0m [96mgattonero[0m.[96msuccess[0m All health checks passed
[97m22:34:36.164[0m [94mINFO    [0m [96mgattonero[0m.[96minfo[0m Enhanced Flask Server initialized successfully
[97m22:40:36.908[0m [94mINFO    [0m [96mgattonero[0m.[96m__init__[0m Development Logger initialized
[97m22:40:36.908[0m [94mINFO    [0m [96mgattonero[0m.[96minfo[0m Performance Profiler initialized
[97m22:40:36.909[0m [94mINFO    [0m [96mgattonero[0m.[96minfo[0m Simple Health Monitor initialized
[97m22:40:36.912[0m [94mINFO    [0m [96mgattonero[0m.[96minfo[0m Initializing Enhanced Flask Server
[97m22:40:36.921[0m [94mINFO    [0m [96mgattonero[0m.[96msuccess[0m All health checks passed
[97m22:40:36.921[0m [94mINFO    [0m [96mgattonero[0m.[96minfo[0m Enhanced Flask Server initialized successfully
[97m22:41:10.724[0m [94mINFO    [0m [96mgattonero[0m.[96m__init__[0m Development Logger initialized
[97m22:41:10.725[0m [94mINFO    [0m [96mgattonero[0m.[96minfo[0m Performance Profiler initialized
[97m22:41:10.725[0m [94mINFO    [0m [96mgattonero[0m.[96minfo[0m Simple Health Monitor initialized
[97m22:41:10.731[0m [94mINFO    [0m [96mgattonero[0m.[96minfo[0m Initializing Enhanced Flask Server
[97m22:41:10.741[0m [94mINFO    [0m [96mgattonero[0m.[96msuccess[0m All health checks passed
[97m22:41:10.741[0m [94mINFO    [0m [96mgattonero[0m.[96minfo[0m Enhanced Flask Server initialized successfully
[97m22:42:49.937[0m [94mINFO    [0m [96mgattonero[0m.[96m__init__[0m Development Logger initialized
[97m22:42:49.938[0m [94mINFO    [0m [96mgattonero[0m.[96minfo[0m Performance Profiler initialized
[97m22:42:49.938[0m [94mINFO    [0m [96mgattonero[0m.[96minfo[0m Simple Health Monitor initialized
[97m22:42:49.942[0m [94mINFO    [0m [96mgattonero[0m.[96minfo[0m Initializing Enhanced Flask Server
[97m22:42:49.950[0m [94mINFO    [0m [96mgattonero[0m.[96msuccess[0m All health checks passed
[97m22:42:49.950[0m [94mINFO    [0m [96mgattonero[0m.[96minfo[0m Enhanced Flask Server initialized successfully
[97m22:43:22.738[0m [94mINFO    [0m [96mgattonero[0m.[96m__init__[0m Development Logger initialized
[97m22:43:22.739[0m [94mINFO    [0m [96mgattonero[0m.[96minfo[0m Performance Profiler initialized
[97m22:43:22.739[0m [94mINFO    [0m [96mgattonero[0m.[96minfo[0m Simple Health Monitor initialized
[97m22:43:22.743[0m [94mINFO    [0m [96mgattonero[0m.[96minfo[0m Initializing Enhanced Flask Server
[97m22:43:22.751[0m [94mINFO    [0m [96mgattonero[0m.[96msuccess[0m All health checks passed
[97m22:43:22.751[0m [94mINFO    [0m [96mgattonero[0m.[96minfo[0m Enhanced Flask Server initialized successfully
[97m22:46:55.206[0m [94mINFO    [0m [96mgattonero[0m.[96m__init__[0m Development Logger initialized
[97m22:46:55.207[0m [94mINFO    [0m [96mgattonero[0m.[96minfo[0m Performance Profiler initialized
[97m22:46:55.207[0m [94mINFO    [0m [96mgattonero[0m.[96minfo[0m Simple Health Monitor initialized
[97m22:46:55.211[0m [94mINFO    [0m [96mgattonero[0m.[96minfo[0m Initializing Enhanced Flask Server
[97m22:46:55.219[0m [94mINFO    [0m [96mgattonero[0m.[96msuccess[0m All health checks passed
[97m22:46:55.220[0m [94mINFO    [0m [96mgattonero[0m.[96minfo[0m Enhanced Flask Server initialized successfully
[97m22:57:42.746[0m [94mINFO    [0m [96mgattonero[0m.[96m__init__[0m Development Logger initialized
[97m22:57:42.747[0m [94mINFO    [0m [96mgattonero[0m.[96minfo[0m Performance Profiler initialized
[97m22:57:42.747[0m [94mINFO    [0m [96mgattonero[0m.[96minfo[0m Simple Health Monitor initialized
[97m22:57:42.751[0m [94mINFO    [0m [96mgattonero[0m.[96minfo[0m Initializing Enhanced Flask Server
[97m22:57:42.760[0m [94mINFO    [0m [96mgattonero[0m.[96msuccess[0m All health checks passed
[97m22:57:42.761[0m [94mINFO    [0m [96mgattonero[0m.[96minfo[0m Enhanced Flask Server initialized successfully
[97m22:59:39.988[0m [94mINFO    [0m [96mgattonero[0m.[96m__init__[0m Development Logger initialized
[97m22:59:39.988[0m [94mINFO    [0m [96mgattonero[0m.[96minfo[0m Performance Profiler initialized
[97m22:59:39.988[0m [94mINFO    [0m [96mgattonero[0m.[96minfo[0m Simple Health Monitor initialized
[97m22:59:39.992[0m [94mINFO    [0m [96mgattonero[0m.[96minfo[0m Initializing Enhanced Flask Server
[97m22:59:40.001[0m [94mINFO    [0m [96mgattonero[0m.[96msuccess[0m All health checks passed
[97m22:59:40.001[0m [94mINFO    [0m [96mgattonero[0m.[96minfo[0m Enhanced Flask Server initialized successfully
[97m23:01:20.274[0m [94mINFO    [0m [96mgattonero[0m.[96m__init__[0m Development Logger initialized
[97m23:01:20.275[0m [94mINFO    [0m [96mgattonero[0m.[96minfo[0m Performance Profiler initialized
[97m23:01:20.275[0m [94mINFO    [0m [96mgattonero[0m.[96minfo[0m Simple Health Monitor initialized
[97m23:01:20.279[0m [94mINFO    [0m [96mgattonero[0m.[96minfo[0m Initializing Enhanced Flask Server
[97m23:01:20.287[0m [94mINFO    [0m [96mgattonero[0m.[96msuccess[0m All health checks passed
[97m23:01:20.288[0m [94mINFO    [0m [96mgattonero[0m.[96minfo[0m Enhanced Flask Server initialized successfully
[97m23:02:48.123[0m [94mINFO    [0m [96mgattonero[0m.[96m__init__[0m Development Logger initialized
[97m23:02:48.123[0m [94mINFO    [0m [96mgattonero[0m.[96minfo[0m Performance Profiler initialized
[97m23:02:48.123[0m [94mINFO    [0m [96mgattonero[0m.[96minfo[0m Simple Health Monitor initialized
[97m23:02:48.127[0m [94mINFO    [0m [96mgattonero[0m.[96minfo[0m Initializing Enhanced Flask Server
[97m23:02:48.137[0m [94mINFO    [0m [96mgattonero[0m.[96msuccess[0m All health checks passed
[97m23:02:48.137[0m [94mINFO    [0m [96mgattonero[0m.[96minfo[0m Enhanced Flask Server initialized successfully
Sprawdzam port 5000...
Port 5000 jest wolny!
Uruchamiam serwer Flask...
Serwer bedzie dostepny na: http://127.0.0.1:5000
Aby zatrzymac serwer, nacisnij Ctrl+C
--------------------------------------------------
 * Serving Flask app 'app.server'
 * Debug mode: off
[97m23:02:56.172[0m [94mINFO    [0m [96mgattonero[0m.[96mperformance[0m [93m[req:419b5972][0m Operation profiled: health_check [92m(8.1ms)[0m
[97m23:03:52.922[0m [94mINFO    [0m [96mgattonero[0m.[96minfo[0m [93m[req:ed729f2d][0m Processing color match: method=1, k_colors=8
[97m23:03:52.926[0m [94mINFO    [0m [96mgattonero[0m.[96minfo[0m [93m[req:ed729f2d][0m Initialized algorithm_01_palette
[97m23:03:52.926[0m [94mINFO    [0m [96mgattonero[0m.[96minfo[0m [93m[req:ed729f2d alg:algorithm_01_palette][0m Starting palette mapping: k=8
[97m23:03:54.337[0m [94mINFO    [0m [96mgattonero[0m.[96msuccess[0m [93m[req:ed729f2d alg:algorithm_01_palette][0m Extracted 8 colors from palette
[97m23:03:54.338[0m [94mINFO    [0m [96mgattonero[0m.[96mperformance[0m [93m[req:ed729f2d][0m Operation profiled: algorithm_01_palette_extract_palette [91m(1410.2ms)[0m
[97m23:03:54.404[0m [94mINFO    [0m [96mgattonero[0m.[96msuccess[0m [93m[req:ed729f2d alg:algorithm_01_palette][0m Mapped colors for 10000 pixels
[97m23:03:54.404[0m [94mINFO    [0m [96mgattonero[0m.[96mperformance[0m [93m[req:ed729f2d][0m Operation profiled: algorithm_01_palette_map_colors [93m(66.0ms)[0m
[97m23:03:54.406[0m [94mINFO    [0m [96mgattonero[0m.[96msuccess[0m [93m[req:ed729f2d alg:algorithm_01_palette][0m Palette mapping completed: D:\Unity\Projects\GattoNeroPhotoshop\results\test_simple_1749416632_matched.tif
[97m23:03:54.406[0m [94mINFO    [0m [96mgattonero[0m.[96mperformance[0m [93m[req:ed729f2d][0m Operation profiled: algorithm_01_palette_process [91m(1480.6ms)[0m
[97m23:03:54.407[0m [94mINFO    [0m [96mgattonero[0m.[96msuccess[0m [93m[req:ed729f2d alg:algorithm_01_palette][0m Color matching completed: test_simple_1749416632_matched.tif
[97m23:03:54.412[0m [94mINFO    [0m [96mgattonero[0m.[96minfo[0m [93m[req:04902322][0m Processing color match: method=2, k_colors=8
[97m23:03:54.416[0m [94mINFO    [0m [96mgattonero[0m.[96minfo[0m [93m[req:04902322][0m Initialized algorithm_02_statistical
[97m23:03:54.416[0m [94mINFO    [0m [96mgattonero[0m.[96minfo[0m [93m[req:04902322 alg:algorithm_02_statistical][0m Starting statistical transfer
[97m23:03:54.557[0m [94mINFO    [0m [96mgattonero[0m.[96mperformance[0m [93m[req:04902322][0m Operation profiled: algorithm_02_statistical_convert_to_lab [91m(138.5ms)[0m
[97m23:03:54.557[0m [94mINFO    [0m [96mgattonero[0m.[96mperformance[0m [93m[req:04902322][0m Operation profiled: algorithm_02_statistical_convert_to_lab [92m(0.2ms)[0m
[97m23:03:54.558[0m [94mINFO    [0m [96mgattonero[0m.[96mperformance[0m [93m[req:04902322][0m Operation profiled: algorithm_02_statistical_calculate_stats [92m(0.5ms)[0m
[97m23:03:54.558[0m [94mINFO    [0m [96mgattonero[0m.[96mperformance[0m [93m[req:04902322][0m Operation profiled: algorithm_02_statistical_calculate_stats [92m(0.4ms)[0m
[97m23:03:54.559[0m [94mINFO    [0m [96mgattonero[0m.[96mperformance[0m [93m[req:04902322][0m Operation profiled: algorithm_02_statistical_transfer_stats [92m(0.3ms)[0m
[97m23:03:54.559[0m [94mINFO    [0m [96mgattonero[0m.[96mperformance[0m [93m[req:04902322][0m Operation profiled: algorithm_02_statistical_convert_to_bgr [92m(0.3ms)[0m
[97m23:03:54.561[0m [94mINFO    [0m [96mgattonero[0m.[96msuccess[0m [93m[req:04902322 alg:algorithm_02_statistical][0m Statistical transfer completed: D:\Unity\Projects\GattoNeroPhotoshop\results\test_simple_1749416634_matched.tif
[97m23:03:54.562[0m [94mINFO    [0m [96mgattonero[0m.[96mperformance[0m [93m[req:04902322][0m Operation profiled: algorithm_02_statistical_process [91m(145.5ms)[0m
[97m23:03:54.562[0m [94mINFO    [0m [96mgattonero[0m.[96msuccess[0m [93m[req:04902322 alg:algorithm_02_statistical][0m Color matching completed: test_simple_1749416634_matched.tif
[97m23:03:54.569[0m [94mINFO    [0m [96mgattonero[0m.[96minfo[0m [93m[req:5c01160c][0m Processing color match: method=3, k_colors=8
[97m23:03:54.571[0m [94mINFO    [0m [96mgattonero[0m.[96minfo[0m [93m[req:5c01160c][0m Initialized algorithm_03_histogram
[97m23:03:54.572[0m [94mINFO    [0m [96mgattonero[0m.[96minfo[0m [93m[req:5c01160c alg:algorithm_03_histogram][0m Starting histogram matching
[97m23:03:54.573[0m [94mINFO    [0m [96mgattonero[0m.[96mperformance[0m [93m[req:5c01160c][0m Operation profiled: algorithm_03_histogram_extract_luminance [92m(0.1ms)[0m
[97m23:03:54.573[0m [94mINFO    [0m [96mgattonero[0m.[96mperformance[0m [93m[req:5c01160c][0m Operation profiled: algorithm_03_histogram_extract_luminance [92m(0.1ms)[0m
[97m23:03:54.574[0m [94mINFO    [0m [96mgattonero[0m.[96mperformance[0m [93m[req:5c01160c][0m Operation profiled: algorithm_03_histogram_compute_histogram [92m(0.4ms)[0m
[97m23:03:54.574[0m [94mINFO    [0m [96mgattonero[0m.[96mperformance[0m [93m[req:5c01160c][0m Operation profiled: algorithm_03_histogram_compute_histogram [92m(0.3ms)[0m
[97m23:03:54.575[0m [94mINFO    [0m [96mgattonero[0m.[96mperformance[0m [93m[req:5c01160c][0m Operation profiled: algorithm_03_histogram_create_lookup [92m(1.2ms)[0m
[97m23:03:54.576[0m [94mINFO    [0m [96mgattonero[0m.[96mperformance[0m [93m[req:5c01160c][0m Operation profiled: algorithm_03_histogram_apply_matching [92m(0.2ms)[0m
[97m23:03:54.578[0m [94mINFO    [0m [96mgattonero[0m.[96msuccess[0m [93m[req:5c01160c alg:algorithm_03_histogram][0m Histogram matching completed: D:\Unity\Projects\GattoNeroPhotoshop\results\test_simple_1749416634_matched.tif
[97m23:03:54.578[0m [94mINFO    [0m [96mgattonero[0m.[96mperformance[0m [93m[req:5c01160c][0m Operation profiled: algorithm_03_histogram_process [92m(6.7ms)[0m
[97m23:03:54.579[0m [94mINFO    [0m [96mgattonero[0m.[96msuccess[0m [93m[req:5c01160c alg:algorithm_03_histogram][0m Color matching completed: test_simple_1749416634_matched.tif
[97m23:04:01.348[0m [94mINFO    [0m [96mgattonero[0m.[96mperformance[0m [93m[req:1229f816][0m Operation profiled: health_check [92m(8.5ms)[0m
[97m23:04:01.371[0m [94mINFO    [0m [96mgattonero[0m.[96minfo[0m [93m[req:2161cdcd][0m Processing color match: method=1, k_colors=8
[97m23:04:01.374[0m [94mINFO    [0m [96mgattonero[0m.[96minfo[0m [93m[req:2161cdcd][0m Initialized algorithm_01_palette
[97m23:04:01.375[0m [94mINFO    [0m [96mgattonero[0m.[96minfo[0m [93m[req:2161cdcd alg:algorithm_01_palette][0m Starting palette mapping: k=8
[97m23:04:01.437[0m [94mINFO    [0m [96mgattonero[0m.[96msuccess[0m [93m[req:2161cdcd alg:algorithm_01_palette][0m Extracted 8 colors from palette
[97m23:04:01.437[0m [94mINFO    [0m [96mgattonero[0m.[96mperformance[0m [93m[req:2161cdcd][0m Operation profiled: algorithm_01_palette_extract_palette [93m(62.0ms)[0m
[97m23:04:01.497[0m [94mINFO    [0m [96mgattonero[0m.[96msuccess[0m [93m[req:2161cdcd alg:algorithm_01_palette][0m Mapped colors for 10000 pixels
[97m23:04:01.497[0m [94mINFO    [0m [96mgattonero[0m.[96mperformance[0m [93m[req:2161cdcd][0m Operation profiled: algorithm_01_palette_map_colors [93m(59.4ms)[0m
[97m23:04:01.499[0m [94mINFO    [0m [96mgattonero[0m.[96msuccess[0m [93m[req:2161cdcd alg:algorithm_01_palette][0m Palette mapping completed: D:\Unity\Projects\GattoNeroPhotoshop\results\test_simple_1749416641_matched.tif
[97m23:04:01.500[0m [94mINFO    [0m [96mgattonero[0m.[96mperformance[0m [93m[req:2161cdcd][0m Operation profiled: algorithm_01_palette_process [91m(125.0ms)[0m
[97m23:04:01.500[0m [94mINFO    [0m [96mgattonero[0m.[96msuccess[0m [93m[req:2161cdcd alg:algorithm_01_palette][0m Color matching completed: test_simple_1749416641_matched.tif
[97m23:04:01.530[0m [94mINFO    [0m [96mgattonero[0m.[96minfo[0m [93m[req:7cc8361d][0m Processing color match: method=2, k_colors=8
[97m23:04:01.533[0m [94mINFO    [0m [96mgattonero[0m.[96minfo[0m [93m[req:7cc8361d][0m Initialized algorithm_02_statistical
[97m23:04:01.533[0m [94mINFO    [0m [96mgattonero[0m.[96minfo[0m [93m[req:7cc8361d alg:algorithm_02_statistical][0m Starting statistical transfer
[97m23:04:01.534[0m [94mINFO    [0m [96mgattonero[0m.[96mperformance[0m [93m[req:7cc8361d][0m Operation profiled: algorithm_02_statistical_convert_to_lab [92m(0.2ms)[0m
[97m23:04:01.535[0m [94mINFO    [0m [96mgattonero[0m.[96mperformance[0m [93m[req:7cc8361d][0m Operation profiled: algorithm_02_statistical_convert_to_lab [92m(0.2ms)[0m
[97m23:04:01.536[0m [94mINFO    [0m [96mgattonero[0m.[96mperformance[0m [93m[req:7cc8361d][0m Operation profiled: algorithm_02_statistical_calculate_stats [92m(0.6ms)[0m
[97m23:04:01.536[0m [94mINFO    [0m [96mgattonero[0m.[96mperformance[0m [93m[req:7cc8361d][0m Operation profiled: algorithm_02_statistical_calculate_stats [92m(0.5ms)[0m
[97m23:04:01.537[0m [94mINFO    [0m [96mgattonero[0m.[96mperformance[0m [93m[req:7cc8361d][0m Operation profiled: algorithm_02_statistical_transfer_stats [92m(0.3ms)[0m
[97m23:04:01.538[0m [94mINFO    [0m [96mgattonero[0m.[96mperformance[0m [93m[req:7cc8361d][0m Operation profiled: algorithm_02_statistical_convert_to_bgr [92m(0.4ms)[0m
[97m23:04:01.540[0m [94mINFO    [0m [96mgattonero[0m.[96msuccess[0m [93m[req:7cc8361d alg:algorithm_02_statistical][0m Statistical transfer completed: D:\Unity\Projects\GattoNeroPhotoshop\results\test_simple_1749416641_matched.tif
[97m23:04:01.540[0m [94mINFO    [0m [96mgattonero[0m.[96mperformance[0m [93m[req:7cc8361d][0m Operation profiled: algorithm_02_statistical_process [92m(7.4ms)[0m
[97m23:04:01.541[0m [94mINFO    [0m [96mgattonero[0m.[96msuccess[0m [93m[req:7cc8361d alg:algorithm_02_statistical][0m Color matching completed: test_simple_1749416641_matched.tif
[97m23:04:01.546[0m [94mINFO    [0m [96mgattonero[0m.[96minfo[0m [93m[req:c861a1b1][0m Processing color match: method=3, k_colors=8
[97m23:04:01.549[0m [94mINFO    [0m [96mgattonero[0m.[96minfo[0m [93m[req:c861a1b1][0m Initialized algorithm_03_histogram
[97m23:04:01.549[0m [94mINFO    [0m [96mgattonero[0m.[96minfo[0m [93m[req:c861a1b1 alg:algorithm_03_histogram][0m Starting histogram matching
[97m23:04:01.550[0m [94mINFO    [0m [96mgattonero[0m.[96mperformance[0m [93m[req:c861a1b1][0m Operation profiled: algorithm_03_histogram_extract_luminance [92m(0.1ms)[0m
[97m23:04:01.550[0m [94mINFO    [0m [96mgattonero[0m.[96mperformance[0m [93m[req:c861a1b1][0m Operation profiled: algorithm_03_histogram_extract_luminance [92m(0.1ms)[0m
[97m23:04:01.551[0m [94mINFO    [0m [96mgattonero[0m.[96mperformance[0m [93m[req:c861a1b1][0m Operation profiled: algorithm_03_histogram_compute_histogram [92m(0.5ms)[0m
[97m23:04:01.552[0m [94mINFO    [0m [96mgattonero[0m.[96mperformance[0m [93m[req:c861a1b1][0m Operation profiled: algorithm_03_histogram_compute_histogram [92m(0.4ms)[0m
[97m23:04:01.554[0m [94mINFO    [0m [96mgattonero[0m.[96mperformance[0m [93m[req:c861a1b1][0m Operation profiled: algorithm_03_histogram_create_lookup [92m(1.5ms)[0m
[97m23:04:01.554[0m [94mINFO    [0m [96mgattonero[0m.[96mperformance[0m [93m[req:c861a1b1][0m Operation profiled: algorithm_03_histogram_apply_matching [92m(0.4ms)[0m
[97m23:04:01.557[0m [94mINFO    [0m [96mgattonero[0m.[96msuccess[0m [93m[req:c861a1b1 alg:algorithm_03_histogram][0m Histogram matching completed: D:\Unity\Projects\GattoNeroPhotoshop\results\test_simple_1749416641_matched.tif
[97m23:04:01.557[0m [94mINFO    [0m [96mgattonero[0m.[96mperformance[0m [93m[req:c861a1b1][0m Operation profiled: algorithm_03_histogram_process [92m(7.8ms)[0m
[97m23:04:01.557[0m [94mINFO    [0m [96mgattonero[0m.[96msuccess[0m [93m[req:c861a1b1 alg:algorithm_03_histogram][0m Color matching completed: test_simple_1749416641_matched.tif
