{"timestamp":"2025-06-08T18:24:34.758770","level":"ERROR","logger":"gattonero_server","message":"Request error: name 'request' is not defined","module":"development_logger","function":"error","line":302,"request_id":"9b59f91e","operation_id":null,"algorithm_id":null,"user_session":null,"performance_data":null}
Traceback (most recent call last):
  File "<frozen runpy>", line 198, in _run_module_as_main
  File "<frozen runpy>", line 88, in _run_code
  File "D:\Unity\Projects\GattoNeroPhotoshop\app\server.py", line 22, in <module>
    from flask import Flask, jsonify, request
ModuleNotFoundError: No module named 'flask'
Traceback (most recent call last):
  File "<frozen runpy>", line 198, in _run_module_as_main
  File "<frozen runpy>", line 88, in _run_code
  File "D:\Unity\Projects\GattoNeroPhotoshop\app\server.py", line 22, in <module>
    from flask import Flask, jsonify, request
ModuleNotFoundError: No module named 'flask'
Traceback (most recent call last):
  File "<frozen runpy>", line 198, in _run_module_as_main
  File "<frozen runpy>", line 88, in _run_code
  File "D:\Unity\Projects\GattoNeroPhotoshop\app\server.py", line 22, in <module>
    from flask import Flask, jsonify, request
ModuleNotFoundError: No module named 'flask'
Traceback (most recent call last):
  File "<frozen runpy>", line 198, in _run_module_as_main
  File "<frozen runpy>", line 88, in _run_code
  File "D:\Unity\Projects\GattoNeroPhotoshop\app\server.py", line 22, in <module>
    from flask import Flask, jsonify, request
ModuleNotFoundError: No module named 'flask'
Traceback (most recent call last):
  File "<frozen runpy>", line 198, in _run_module_as_main
  File "<frozen runpy>", line 88, in _run_code
  File "D:\Unity\Projects\GattoNeroPhotoshop\app\server.py", line 22, in <module>
    from flask import Flask, jsonify, request
ModuleNotFoundError: No module named 'flask'
Traceback (most recent call last):
  File "D:\Unity\Projects\GattoNeroPhotoshop\run_server.py", line 7, in <module>
    from app.server import app
  File "D:\Unity\Projects\GattoNeroPhotoshop\app\server.py", line 22, in <module>
    from flask import Flask, jsonify, request
ModuleNotFoundError: No module named 'flask'
Traceback (most recent call last):
  File "D:\Unity\Projects\GattoNeroPhotoshop\run_server.py", line 7, in <module>
    from app.server import app
  File "D:\Unity\Projects\GattoNeroPhotoshop\app\server.py", line 22, in <module>
    from flask import Flask, jsonify, request
ModuleNotFoundError: No module named 'flask'
Traceback (most recent call last):
  File "D:\Unity\Projects\GattoNeroPhotoshop\run_server.py", line 7, in <module>
    from app.server import app
  File "D:\Unity\Projects\GattoNeroPhotoshop\app\server.py", line 22, in <module>
    from flask import Flask, jsonify, request
ModuleNotFoundError: No module named 'flask'
Traceback (most recent call last):
  File "D:\Unity\Projects\GattoNeroPhotoshop\run_server.py", line 78, in <module>
    safe_start_server()
    ~~~~~~~~~~~~~~~~~^^
  File "D:\Unity\Projects\GattoNeroPhotoshop\run_server.py", line 48, in safe_start_server
    print("\U0001f50d Sprawdzam port 5000...")
    ~~~~~^^^^^^^^^^^^^^^^^^^^^^^^^^^^^
  File "C:\Python313\Lib\encodings\cp1250.py", line 19, in encode
    return codecs.charmap_encode(input,self.errors,encoding_table)[0]
           ~~~~~~~~~~~~~~~~~~~~~^^^^^^^^^^^^^^^^^^^^^^^^^^^^^^^^^^
UnicodeEncodeError: 'charmap' codec can't encode character '\U0001f50d' in position 0: character maps to <undefined>
Traceback (most recent call last):
  File "D:\Unity\Projects\GattoNeroPhotoshop\run_server.py", line 78, in <module>
    safe_start_server()
    ~~~~~~~~~~~~~~~~~^^
  File "D:\Unity\Projects\GattoNeroPhotoshop\run_server.py", line 48, in safe_start_server
    print("\U0001f50d Sprawdzam port 5000...")
    ~~~~~^^^^^^^^^^^^^^^^^^^^^^^^^^^^^
  File "C:\Python313\Lib\encodings\cp1250.py", line 19, in encode
    return codecs.charmap_encode(input,self.errors,encoding_table)[0]
           ~~~~~~~~~~~~~~~~~~~~~^^^^^^^^^^^^^^^^^^^^^^^^^^^^^^^^^^
UnicodeEncodeError: 'charmap' codec can't encode character '\U0001f50d' in position 0: character maps to <undefined>
Traceback (most recent call last):
  File "D:\Unity\Projects\GattoNeroPhotoshop\run_server.py", line 78, in <module>
    safe_start_server()
    ~~~~~~~~~~~~~~~~~^^
  File "D:\Unity\Projects\GattoNeroPhotoshop\run_server.py", line 48, in safe_start_server
    print("\U0001f50d Sprawdzam port 5000...")
    ~~~~~^^^^^^^^^^^^^^^^^^^^^^^^^^^^^
  File "C:\Python313\Lib\encodings\cp1250.py", line 19, in encode
    return codecs.charmap_encode(input,self.errors,encoding_table)[0]
           ~~~~~~~~~~~~~~~~~~~~~^^^^^^^^^^^^^^^^^^^^^^^^^^^^^^^^^^
UnicodeEncodeError: 'charmap' codec can't encode character '\U0001f50d' in position 0: character maps to <undefined>
Traceback (most recent call last):
  File "D:\Unity\Projects\GattoNeroPhotoshop\run_server.py", line 78, in <module>
    safe_start_server()
    ~~~~~~~~~~~~~~~~~^^
  File "D:\Unity\Projects\GattoNeroPhotoshop\run_server.py", line 48, in safe_start_server
    print("\U0001f50d Sprawdzam port 5000...")
    ~~~~~^^^^^^^^^^^^^^^^^^^^^^^^^^^^^
  File "C:\Python313\Lib\encodings\cp1250.py", line 19, in encode
    return codecs.charmap_encode(input,self.errors,encoding_table)[0]
           ~~~~~~~~~~~~~~~~~~~~~^^^^^^^^^^^^^^^^^^^^^^^^^^^^^^^^^^
UnicodeEncodeError: 'charmap' codec can't encode character '\U0001f50d' in position 0: character maps to <undefined>
Traceback (most recent call last):
  File "D:\Unity\Projects\GattoNeroPhotoshop\run_server.py", line 78, in <module>
    safe_start_server()
    ~~~~~~~~~~~~~~~~~^^
  File "D:\Unity\Projects\GattoNeroPhotoshop\run_server.py", line 48, in safe_start_server
    print("\U0001f50d Sprawdzam port 5000...")
    ~~~~~^^^^^^^^^^^^^^^^^^^^^^^^^^^^^
  File "C:\Python313\Lib\encodings\cp1250.py", line 19, in encode
    return codecs.charmap_encode(input,self.errors,encoding_table)[0]
           ~~~~~~~~~~~~~~~~~~~~~^^^^^^^^^^^^^^^^^^^^^^^^^^^^^^^^^^
UnicodeEncodeError: 'charmap' codec can't encode character '\U0001f50d' in position 0: character maps to <undefined>
Traceback (most recent call last):
  File "D:\Unity\Projects\GattoNeroPhotoshop\run_server.py", line 78, in <module>
    safe_start_server()
    ~~~~~~~~~~~~~~~~~^^
  File "D:\Unity\Projects\GattoNeroPhotoshop\run_server.py", line 48, in safe_start_server
    print("\U0001f50d Sprawdzam port 5000...")
    ~~~~~^^^^^^^^^^^^^^^^^^^^^^^^^^^^^
  File "C:\Python313\Lib\encodings\cp1250.py", line 19, in encode
    return codecs.charmap_encode(input,self.errors,encoding_table)[0]
           ~~~~~~~~~~~~~~~~~~~~~^^^^^^^^^^^^^^^^^^^^^^^^^^^^^^^^^^
UnicodeEncodeError: 'charmap' codec can't encode character '\U0001f50d' in position 0: character maps to <undefined>
Traceback (most recent call last):
  File "D:\Unity\Projects\GattoNeroPhotoshop\run_server.py", line 78, in <module>
    safe_start_server()
    ~~~~~~~~~~~~~~~~~^^
  File "D:\Unity\Projects\GattoNeroPhotoshop\run_server.py", line 48, in safe_start_server
    print("\U0001f50d Sprawdzam port 5000...")
    ~~~~~^^^^^^^^^^^^^^^^^^^^^^^^^^^^^
  File "C:\Python313\Lib\encodings\cp1250.py", line 19, in encode
    return codecs.charmap_encode(input,self.errors,encoding_table)[0]
           ~~~~~~~~~~~~~~~~~~~~~^^^^^^^^^^^^^^^^^^^^^^^^^^^^^^^^^^
UnicodeEncodeError: 'charmap' codec can't encode character '\U0001f50d' in position 0: character maps to <undefined>
Traceback (most recent call last):
  File "D:\Unity\Projects\GattoNeroPhotoshop\run_server.py", line 78, in <module>
    safe_start_server()
    ~~~~~~~~~~~~~~~~~^^
  File "D:\Unity\Projects\GattoNeroPhotoshop\run_server.py", line 48, in safe_start_server
    print("\U0001f50d Sprawdzam port 5000...")
    ~~~~~^^^^^^^^^^^^^^^^^^^^^^^^^^^^^
  File "C:\Python313\Lib\encodings\cp1250.py", line 19, in encode
    return codecs.charmap_encode(input,self.errors,encoding_table)[0]
           ~~~~~~~~~~~~~~~~~~~~~^^^^^^^^^^^^^^^^^^^^^^^^^^^^^^^^^^
UnicodeEncodeError: 'charmap' codec can't encode character '\U0001f50d' in position 0: character maps to <undefined>
Traceback (most recent call last):
  File "D:\Unity\Projects\GattoNeroPhotoshop\run_server.py", line 78, in <module>
    safe_start_server()
    ~~~~~~~~~~~~~~~~~^^
  File "D:\Unity\Projects\GattoNeroPhotoshop\run_server.py", line 48, in safe_start_server
    print("\U0001f50d Sprawdzam port 5000...")
    ~~~~~^^^^^^^^^^^^^^^^^^^^^^^^^^^^^
  File "C:\Python313\Lib\encodings\cp1250.py", line 19, in encode
    return codecs.charmap_encode(input,self.errors,encoding_table)[0]
           ~~~~~~~~~~~~~~~~~~~~~^^^^^^^^^^^^^^^^^^^^^^^^^^^^^^^^^^
UnicodeEncodeError: 'charmap' codec can't encode character '\U0001f50d' in position 0: character maps to <undefined>
Traceback (most recent call last):
  File "D:\Unity\Projects\GattoNeroPhotoshop\run_server.py", line 78, in <module>
    safe_start_server()
    ~~~~~~~~~~~~~~~~~^^
  File "D:\Unity\Projects\GattoNeroPhotoshop\run_server.py", line 48, in safe_start_server
    print("\U0001f50d Sprawdzam port 5000...")
    ~~~~~^^^^^^^^^^^^^^^^^^^^^^^^^^^^^
  File "C:\Python313\Lib\encodings\cp1250.py", line 19, in encode
    return codecs.charmap_encode(input,self.errors,encoding_table)[0]
           ~~~~~~~~~~~~~~~~~~~~~^^^^^^^^^^^^^^^^^^^^^^^^^^^^^^^^^^
UnicodeEncodeError: 'charmap' codec can't encode character '\U0001f50d' in position 0: character maps to <undefined>
WARNING: This is a development server. Do not use it in a production deployment. Use a production WSGI server instead.
 * Running on http://127.0.0.1:5000
Press CTRL+C to quit
127.0.0.1 - - [08/Jun/2025 23:02:56] "GET /api/health HTTP/1.1" 200 -
D:\Unity\Projects\GattoNeroPhotoshop\venv\Lib\site-packages\sklearn\base.py:1363: ConvergenceWarning: Number of distinct clusters (4) found smaller than n_clusters (8). Possibly due to duplicate points in X.
  return fit_method(estimator, *args, **kwargs)
D:\Unity\Projects\GattoNeroPhotoshop\venv\Lib\site-packages\sklearn\base.py:1363: ConvergenceWarning: Number of distinct clusters (4) found smaller than n_clusters (8). Possibly due to duplicate points in X.
  return fit_method(estimator, *args, **kwargs)
127.0.0.1 - - [08/Jun/2025 23:03:54] "POST /api/colormatch HTTP/1.1" 200 -
127.0.0.1 - - [08/Jun/2025 23:03:54] "POST /api/colormatch HTTP/1.1" 200 -
127.0.0.1 - - [08/Jun/2025 23:03:54] "POST /api/colormatch HTTP/1.1" 200 -
127.0.0.1 - - [08/Jun/2025 23:04:01] "GET /api/health HTTP/1.1" 200 -
D:\Unity\Projects\GattoNeroPhotoshop\venv\Lib\site-packages\sklearn\base.py:1363: ConvergenceWarning: Number of distinct clusters (4) found smaller than n_clusters (8). Possibly due to duplicate points in X.
  return fit_method(estimator, *args, **kwargs)
D:\Unity\Projects\GattoNeroPhotoshop\venv\Lib\site-packages\sklearn\base.py:1363: ConvergenceWarning: Number of distinct clusters (4) found smaller than n_clusters (8). Possibly due to duplicate points in X.
  return fit_method(estimator, *args, **kwargs)
127.0.0.1 - - [08/Jun/2025 23:04:01] "POST /api/colormatch HTTP/1.1" 200 -
127.0.0.1 - - [08/Jun/2025 23:04:01] "POST /api/colormatch HTTP/1.1" 200 -
127.0.0.1 - - [08/Jun/2025 23:04:01] "POST /api/colormatch HTTP/1.1" 200 -
WARNING: This is a development server. Do not use it in a production deployment. Use a production WSGI server instead.
 * Running on http://127.0.0.1:5000
Press CTRL+C to quit
127.0.0.1 - - [09/Jun/2025 07:57:15] "GET /api/health HTTP/1.1" 200 -
